<?xml version="1.0" encoding="UTF-8"?>
<!-- Generated by org.testng.reporters.JUnitXMLReporter -->
<testsuite ignored="5" hostname="Vasant" failures="0" tests="1" name="Test(failed)(failed)" time="0.151" errors="0" timestamp="2025-04-27T12:12:27 IST">
  <testcase classname="com.testng.FailedTestExecution" name="test5" time="0.032"/>
  <testcase classname="com.testng.FailedTestExecution" name="test1" time="0.0">
    <ignored/>
  </testcase> <!-- test1 -->
  <testcase classname="com.testng.FailedTestExecution" name="test6" time="0.0">
    <ignored/>
  </testcase> <!-- test6 -->
  <testcase classname="com.testng.FailedTestExecution" name="test3" time="0.0">
    <ignored/>
  </testcase> <!-- test3 -->
  <testcase classname="com.testng.FailedTestExecution" name="test4" time="0.0">
    <ignored/>
  </testcase> <!-- test4 -->
  <testcase classname="com.testng.FailedTestExecution" name="test2" time="0.0">
    <ignored/>
  </testcase> <!-- test2 -->
</testsuite> <!-- Test(failed)(failed) -->
