<?xml version="1.0" encoding="UTF-8"?>
<!-- Generated by org.testng.reporters.JUnitXMLReporter -->
<testsuite ignored="0" hostname="Vasant" failures="0" tests="4" name="Default test" time="0.211" errors="0" timestamp="2025-04-27T13:57:27 IST">
  <testcase classname="com.testng.GroupsTestInTestNG" name="endToEndTest" time="0.036"/>
  <testcase classname="com.testng.GroupsTestInTestNG" name="regressionTest" time="0.008"/>
  <testcase classname="com.testng.GroupsTestInTestNG" name="sanityTest" time="0.015"/>
  <testcase classname="com.testng.GroupsTestInTestNG" name="smokeTest" time="0.006"/>
</testsuite> <!-- Default test -->
