<?xml version="1.0" encoding="UTF-8"?>
<!-- Generated by org.testng.reporters.JUnitXMLReporter -->
<testsuite ignored="2" hostname="Vasant" failures="0" tests="2" name="Test" time="0.147" errors="0" timestamp="2025-04-27T14:00:47 IST">
  <testcase classname="com.testng.GroupsTestInTestNG" name="endToEndTest" time="0.024"/>
  <testcase classname="com.testng.GroupsTestInTestNG" name="regressionTest" time="0.008"/>
  <testcase classname="com.testng.GroupsTestInTestNG" name="sanityTest" time="0.0">
    <ignored/>
  </testcase> <!-- sanityTest -->
  <testcase classname="com.testng.GroupsTestInTestNG" name="smokeTest" time="0.0">
    <ignored/>
  </testcase> <!-- smokeTest -->
</testsuite> <!-- Test -->
